<?xml version="1.0" encoding="utf-8"?><testsuites name="pytest tests"><testsuite name="pytest" errors="0" failures="0" skipped="0" tests="11" time="8.258" timestamp="2026-09-18T12:34:06.340446+00:00" hostname="agent-env-c0d8cf10-2737-42b4-81e4-253428da8950"><testcase classname="tests.test_ne_logix_api" name="test_root" time="0.325" /><testcase classname="tests.test_ne_logix_api" name="test_overview_contract" time="0.196" /><testcase classname="tests.test_ne_logix_api" name="test_overview_calibration_is_real_xgb" time="0.126" /><testcase classname="tests.test_ne_logix_api" name="test_overview_routes_have_calibrated_risk" time="0.158" /><testcase classname="tests.test_ne_logix_api" name="test_field_report_spikes_risk_and_reroutes_vehicle" time="0.425" /><testcase classname="tests.test_ne_logix_api" name="test_meghalaya_high_severity_report_calibrated_risk_not_lower" time="0.314" /><testcase classname="tests.test_ne_logix_api" name="test_switch_route_valid_and_invalid" time="0.711" /><testcase classname="tests.test_ne_logix_api" name="test_report_without_image_no_cnn" time="0.142" /><testcase classname="tests.test_ne_logix_api" name="test_report_with_image_runs_cnn" time="0.998" /><testcase classname="tests.test_ne_logix_api" name="test_cnn_never_downgrades_severity" time="0.383" /><testcase classname="tests.test_ne_logix_api" name="test_cnn_upgrade_when_reporter_low_and_cnn_high" time="3.400" /></testsuite></testsuites>